<?xml version="1.0" encoding="UTF-8"?>
<robot generator="Robot 3.2.1 (Python 3.8.5 on win32)" generated="20200811 12:38:45.638" rpa="false">
<suite id="s1" name="Valid Credentials" source="C:\Users\Andrey\PycharmProjects\SymbioTaskRobot\Tests\LoginTest_010__Valid Credentials.robot">
<kw name="Open Browser" library="SeleniumLibrary" type="setup">
<doc>Opens a new browser instance to the optional ``url``.</doc>
<arguments>
<arg>${BlankPage}</arg>
<arg>${DefaultBrowser}</arg>
</arguments>
<msg timestamp="20200811 12:38:45.905" level="INFO">Opening browser 'chrome' to base url 'about:blank'.</msg>
<status status="PASS" starttime="20200811 12:38:45.905" endtime="20200811 12:38:49.236"></status>
</kw>
<test id="s1-t1" name="User can login successfully using valid credentials">
<kw name="Go to website" library="Common" type="setup">
<kw name="Go To" library="SeleniumLibrary">
<doc>Navigates the current browser window to the provided ``url``.</doc>
<arguments>
<arg>${PageUrl}</arg>
</arguments>
<msg timestamp="20200811 12:38:49.239" level="INFO">Opening url 'https://opensource-demo.orangehrmlive.com/'</msg>
<status status="PASS" starttime="20200811 12:38:49.239" endtime="20200811 12:38:51.210"></status>
</kw>
<status status="PASS" starttime="20200811 12:38:49.238" endtime="20200811 12:38:51.211"></status>
</kw>
<kw name="Input user name" library="LoginPage">
<arguments>
<arg>${ValidUserName}</arg>
</arguments>
<kw name="Input Text" library="SeleniumLibrary">
<doc>Types the given ``text`` into the text field identified by ``locator``.</doc>
<arguments>
<arg>${UserNameTextBox}</arg>
<arg>${userName}</arg>
</arguments>
<msg timestamp="20200811 12:38:51.214" level="INFO">Typing text 'Admin' into text field '//input[@id='txtUsername']'.</msg>
<status status="PASS" starttime="20200811 12:38:51.213" endtime="20200811 12:38:51.352"></status>
</kw>
<status status="PASS" starttime="20200811 12:38:51.212" endtime="20200811 12:38:51.352"></status>
</kw>
<kw name="Input password" library="LoginPage">
<arguments>
<arg>${ValidPassword}</arg>
</arguments>
<kw name="Input Text" library="SeleniumLibrary">
<doc>Types the given ``text`` into the text field identified by ``locator``.</doc>
<arguments>
<arg>${PasswordTextBox}</arg>
<arg>${password}</arg>
</arguments>
<msg timestamp="20200811 12:38:51.358" level="INFO">Typing text 'admin123' into text field '//input[@id='txtPassword']'.</msg>
<status status="PASS" starttime="20200811 12:38:51.357" endtime="20200811 12:38:51.496"></status>
</kw>
<status status="PASS" starttime="20200811 12:38:51.356" endtime="20200811 12:38:51.496"></status>
</kw>
<kw name="Click login button" library="LoginPage">
<kw name="Click Element" library="SeleniumLibrary">
<doc>Click the element identified by ``locator``.</doc>
<arguments>
<arg>${LoginButton}</arg>
</arguments>
<msg timestamp="20200811 12:38:51.498" level="INFO">Clicking element '//input[@id='btnLogin']'.</msg>
<status status="PASS" starttime="20200811 12:38:51.497" endtime="20200811 12:38:54.791"></status>
</kw>
<status status="PASS" starttime="20200811 12:38:51.496" endtime="20200811 12:38:54.791"></status>
</kw>
<kw name="Dashboard page openned" library="DashboardPage">
<kw name="Wait Until Page Contains Element" library="SeleniumLibrary">
<doc>Waits until the element ``locator`` appears on the current page.</doc>
<arguments>
<arg>${WelomeMenu}</arg>
</arguments>
<status status="PASS" starttime="20200811 12:38:54.793" endtime="20200811 12:38:54.814"></status>
</kw>
<kw name="Location Should Contain" library="SeleniumLibrary">
<doc>Verifies that the current URL contains ``expected``.</doc>
<arguments>
<arg>dashboard</arg>
</arguments>
<msg timestamp="20200811 12:38:54.823" level="INFO">Current location contains 'dashboard'.</msg>
<status status="PASS" starttime="20200811 12:38:54.814" endtime="20200811 12:38:54.823"></status>
</kw>
<status status="PASS" starttime="20200811 12:38:54.792" endtime="20200811 12:38:54.823"></status>
</kw>
<kw name="Go to balnk page" library="Common" type="teardown">
<kw name="Go To" library="SeleniumLibrary">
<doc>Navigates the current browser window to the provided ``url``.</doc>
<arguments>
<arg>${BlankPage}</arg>
</arguments>
<msg timestamp="20200811 12:38:54.824" level="INFO">Opening url 'about:blank'</msg>
<status status="PASS" starttime="20200811 12:38:54.824" endtime="20200811 12:38:54.854"></status>
</kw>
<status status="PASS" starttime="20200811 12:38:54.824" endtime="20200811 12:38:54.855"></status>
</kw>
<tags>
<tag>Login</tag>
</tags>
<status status="PASS" starttime="20200811 12:38:49.236" endtime="20200811 12:38:54.856" critical="yes"></status>
</test>
<kw name="Close All Browsers" library="SeleniumLibrary" type="teardown">
<doc>Closes all open browsers and resets the browser cache.</doc>
<status status="PASS" starttime="20200811 12:38:54.858" endtime="20200811 12:38:57.139"></status>
</kw>
<status status="PASS" starttime="20200811 12:38:45.640" endtime="20200811 12:38:57.139"></status>
</suite>
<statistics>
<total>
<stat pass="1" fail="0">Critical Tests</stat>
<stat pass="1" fail="0">All Tests</stat>
</total>
<tag>
<stat pass="1" fail="0">Login</stat>
</tag>
<suite>
<stat pass="1" fail="0" id="s1" name="Valid Credentials">Valid Credentials</stat>
</suite>
</statistics>
<errors>
</errors>
</robot>
